This file contains any messages produced by compilers while
running configure, to aid debugging if configure makes a mistake.

It was created by pjproject aconfigure 2.x, which was
generated by GNU Autoconf 2.69.  Invocation command line was

  $ ./aconfigure --host=arm-linux-androideabi

## --------- ##
## Platform. ##
## --------- ##

hostname = qiuzy03-bbvrt
uname -m = x86_64
uname -r = 2.10.0(0.325/5/3)
uname -s = MINGW64_NT-10.0
uname -v = 2018-07-25 13:06

/usr/bin/uname -p = unknown
/bin/uname -X     = unknown

/bin/arch              = x86_64
/usr/bin/arch -k       = unknown
/usr/convex/getsysinfo = unknown
/usr/bin/hostinfo      = unknown
/bin/machine           = unknown
/usr/bin/oslevel       = unknown
/bin/universe          = unknown

PATH: /mingw64/bin
PATH: /usr/bin
PATH: /c/Users/qiuzy03/bin
PATH: /c/Windows/system32
PATH: /c/Windows
PATH: /c/Windows/System32/Wbem
PATH: /c/Windows/System32/WindowsPowerShell/v1.0
PATH: /d/Program Files/Microsoft VS Code/bin
PATH: /c/Windows/system32/config/systemprofile/.dnx/bin
PATH: /c/Program Files/Microsoft DNX/Dnvm
PATH: /c/Program Files (x86)/Windows Kits/8.1/Windows Performance Toolkit
PATH: /c/Program Files/Microsoft SQL Server/120/Tools/Binn
PATH: /c/Program Files (x86)/nodejs
PATH: /d/Program Files/Git/cmd
PATH: /d/Program Files/TortoiseGit/bin
PATH: /d/Program files/Java/jdk1.8.0_191/bin
PATH: /d/Program files/Java/jdk1.8.0_191/jre/bin
PATH: /d/Android/Android_SDK
PATH: /d/Program files/swigwin-4.0.0
PATH: /c/Users/qiuzy03/AppData/Local/Microsoft/WindowsApps
PATH: /d/Android/Android_SDK/platform-tools
PATH: /d/Program Files/JetBrains/PyCharm 2019.1.3/bin


## ----------- ##
## Core tests. ##
## ----------- ##

aconfigure:2525: checking build system type
aconfigure:2539: result: x86_64-pc-mingw32
aconfigure:2559: checking host system type
aconfigure:2572: result: arm-unknown-linux-androideabi
aconfigure:2592: checking target system type
aconfigure:2605: result: arm-unknown-linux-androideabi
aconfigure:2649: checking for arm-linux-androideabi-gcc
aconfigure:2676: result: D:/Android/Android_SDK/ndk-bundle/toolchains/arm-linux-androideabi-4.9/prebuilt/windows-x86_64/bin/arm-linux-androideabi-gcc.exe
aconfigure:2945: checking for C compiler version
aconfigure:2954: D:/Android/Android_SDK/ndk-bundle/toolchains/arm-linux-androideabi-4.9/prebuilt/windows-x86_64/bin/arm-linux-androideabi-gcc.exe --version >&5
arm-linux-androideabi-gcc.exe (GCC) 4.9.x 20150123 (prerelease)
Copyright (C) 2014 Free Software Foundation, Inc.
This is free software; see the source for copying conditions.  There is NO
warranty; not even for MERCHANTABILITY or FITNESS FOR A PARTICULAR PURPOSE.

aconfigure:2965: $? = 0
aconfigure:2954: D:/Android/Android_SDK/ndk-bundle/toolchains/arm-linux-androideabi-4.9/prebuilt/windows-x86_64/bin/arm-linux-androideabi-gcc.exe -v >&5
Using built-in specs.
COLLECT_GCC=D:\Android\Android_SDK\ndk-bundle\toolchains\arm-linux-androideabi-4.9\prebuilt\windows-x86_64\bin\arm-linux-androideabi-gcc.exe
COLLECT_LTO_WRAPPER=d:/android/android_sdk/ndk-bundle/toolchains/arm-linux-androideabi-4.9/prebuilt/windows-x86_64/bin/../libexec/gcc/arm-linux-androideabi/4.9.x/lto-wrapper.exe
Target: arm-linux-androideabi
Configured with: /usr/local/google/buildbot/src/android/gcc/toolchain/build/../gcc/gcc-4.9/configure --prefix=/tmp/df2ba04b9fa9816ab534243afdccc25f --target=arm-linux-androideabi --host=x86_64-pc-mingw32msvc --build=x86_64-linux-gnu --with-gnu-as --with-gnu-ld --enable-languages=c,c++ --with-gmp=/buildbot/tmp/build/toolchain/temp-install --with-mpfr=/buildbot/tmp/build/toolchain/temp-install --with-mpc=/buildbot/tmp/build/toolchain/temp-install --with-cloog=/buildbot/tmp/build/toolchain/temp-install --with-isl=/buildbot/tmp/build/toolchain/temp-install --with-ppl=/buildbot/tmp/build/toolchain/temp-install --disable-ppl-version-check --disable-cloog-version-check --disable-isl-version-check --enable-cloog-backend=isl --with-host-libstdcxx='-static-libgcc -static-libstdc++ -lstdc++ -lm -static' --disable-libssp --enable-threads --disable-nls --disable-libmudflap --disable-libgomp --disable-libstdc__-v3 --disable-sjlj-exceptions --disable-shared --disable-tls --disable-libitm --with-float=soft --with-fpu=vfp --with-arch=armv5te --enable-target-optspace --enable-bionic-libs --enable-libatomic-ifuncs=no --enable-initfini-array --disable-nls --prefix=/tmp/df2ba04b9fa9816ab534243afdccc25f --with-sysroot=/tmp/df2ba04b9fa9816ab534243afdccc25f/sysroot --with-binutils-version=2.27 --with-mpfr-version=3.1.1 --with-mpc-version=1.0.1 --with-gmp-version=5.0.5 --with-gcc-version=4.9 --with-gdb-version=none --with-gxx-include-dir=/tmp/df2ba04b9fa9816ab534243afdccc25f/include/c++/4.9.x --with-bugurl=http://source.android.com/source/report-bugs.html --enable-languages=c,c++ --disable-bootstrap --enable-plugins --enable-libgomp --enable-gnu-indirect-function --disable-libsanitizer --enable-gold --enable-eh-frame-hdr-for-static --enable-graphite=yes --with-isl-version=0.11.1 --with-cloog-version=0.18.0 --with-arch=armv5te --program-transform-name='s&^&arm-linux-androideabi-&' --enable-gold=default
Thread model: posix
gcc version 4.9.x 20150123 (prerelease) (GCC) 
aconfigure:2965: $? = 0
aconfigure:2954: D:/Android/Android_SDK/ndk-bundle/toolchains/arm-linux-androideabi-4.9/prebuilt/windows-x86_64/bin/arm-linux-androideabi-gcc.exe -V >&5
arm-linux-androideabi-gcc.exe: error: unrecognized command line option '-V'
arm-linux-androideabi-gcc.exe: fatal error: no input files
compilation terminated.
aconfigure:2965: $? = 1
aconfigure:2954: D:/Android/Android_SDK/ndk-bundle/toolchains/arm-linux-androideabi-4.9/prebuilt/windows-x86_64/bin/arm-linux-androideabi-gcc.exe -qversion >&5
arm-linux-androideabi-gcc.exe: error: unrecognized command line option '-qversion'
arm-linux-androideabi-gcc.exe: fatal error: no input files
compilation terminated.
aconfigure:2965: $? = 1
aconfigure:2985: checking whether the C compiler works
aconfigure:3007: D:/Android/Android_SDK/ndk-bundle/toolchains/arm-linux-androideabi-4.9/prebuilt/windows-x86_64/bin/arm-linux-androideabi-gcc.exe  ERROR: Cannot find 'make' program. Please install Cygwin make package or define the GNUMAKE variable to point to it.  -ID:/Android/Android_SDK/ndk-bundle/sources/cxx-stl/gnu-libstdc++/4.9/include -ID:/Android/Android_SDK/ndk-bundle/sources/cxx-stl/gnu-libstdc++/4.9/libs/armeabi-v7a/include  ERROR: Cannot find 'make' program. Please install Cygwin make package or define the GNUMAKE variable to point to it.  -fexceptions -frtti  --sysroot= -LD:/Android/Android_SDK/ndk-bundle/sources/cxx-stl/gnu-libstdc++/4.9/libs/armeabi-v7a/ conftest.c -lgnustl_static  -lc -lgcc -ldl >&5
arm-linux-androideabi-gcc.exe: error: ERROR:: Invalid argument
arm-linux-androideabi-gcc.exe: error: Cannot: No such file or directory
arm-linux-androideabi-gcc.exe: error: find: No such file or directory
arm-linux-androideabi-gcc.exe: error: 'make': No such file or directory
arm-linux-androideabi-gcc.exe: error: program.: No such file or directory
arm-linux-androideabi-gcc.exe: error: Please: No such file or directory
arm-linux-androideabi-gcc.exe: error: install: No such file or directory
arm-linux-androideabi-gcc.exe: error: Cygwin: No such file or directory
arm-linux-androideabi-gcc.exe: error: make: No such file or directory
arm-linux-androideabi-gcc.exe: error: package: No such file or directory
arm-linux-androideabi-gcc.exe: error: or: No such file or directory
arm-linux-androideabi-gcc.exe: error: define: No such file or directory
arm-linux-androideabi-gcc.exe: error: the: No such file or directory
arm-linux-androideabi-gcc.exe: error: GNUMAKE: No such file or directory
arm-linux-androideabi-gcc.exe: error: variable: No such file or directory
arm-linux-androideabi-gcc.exe: error: to: No such file or directory
arm-linux-androideabi-gcc.exe: error: point: No such file or directory
arm-linux-androideabi-gcc.exe: error: to: No such file or directory
arm-linux-androideabi-gcc.exe: error: it.: No such file or directory
arm-linux-androideabi-gcc.exe: error: ERROR:: Invalid argument
arm-linux-androideabi-gcc.exe: error: Cannot: No such file or directory
arm-linux-androideabi-gcc.exe: error: find: No such file or directory
arm-linux-androideabi-gcc.exe: error: 'make': No such file or directory
arm-linux-androideabi-gcc.exe: error: program.: No such file or directory
arm-linux-androideabi-gcc.exe: error: Please: No such file or directory
arm-linux-androideabi-gcc.exe: error: install: No such file or directory
arm-linux-androideabi-gcc.exe: error: Cygwin: No such file or directory
arm-linux-androideabi-gcc.exe: error: make: No such file or directory
arm-linux-androideabi-gcc.exe: error: package: No such file or directory
arm-linux-androideabi-gcc.exe: error: or: No such file or directory
arm-linux-androideabi-gcc.exe: error: define: No such file or directory
arm-linux-androideabi-gcc.exe: error: the: No such file or directory
arm-linux-androideabi-gcc.exe: error: GNUMAKE: No such file or directory
arm-linux-androideabi-gcc.exe: error: variable: No such file or directory
arm-linux-androideabi-gcc.exe: error: to: No such file or directory
arm-linux-androideabi-gcc.exe: error: point: No such file or directory
arm-linux-androideabi-gcc.exe: error: to: No such file or directory
arm-linux-androideabi-gcc.exe: error: it.: No such file or directory
aconfigure:3011: $? = 1
aconfigure:3049: result: no
aconfigure: failed program was:
| /* confdefs.h */
| #define PACKAGE_NAME "pjproject"
| #define PACKAGE_TARNAME "pjproject"
| #define PACKAGE_VERSION "2.x"
| #define PACKAGE_STRING "pjproject 2.x"
| #define PACKAGE_BUGREPORT ""
| #define PACKAGE_URL ""
| /* end confdefs.h.  */
| 
| int
| main ()
| {
| 
|   ;
|   return 0;
| }
aconfigure:3054: error: in `/d/work/andriod_workspace/MyApplication2/app/src/main/cpp/pjproject-2.8':
aconfigure:3056: error: C compiler cannot create executables
See `config.log' for more details

## ---------------- ##
## Cache variables. ##
## ---------------- ##

ac_cv_build=x86_64-pc-mingw32
ac_cv_env_CCC_set=
ac_cv_env_CCC_value=
ac_cv_env_CC_set=set
ac_cv_env_CC_value=D:/Android/Android_SDK/ndk-bundle/toolchains/arm-linux-androideabi-4.9/prebuilt/windows-x86_64/bin/arm-linux-androideabi-gcc.exe
ac_cv_env_CFLAGS_set=set
ac_cv_env_CFLAGS_value=' ERROR: Cannot find '\''make'\'' program. Please install Cygwin make package or define the GNUMAKE variable to point to it.  -ID:/Android/Android_SDK/ndk-bundle/sources/cxx-stl/gnu-libstdc++/4.9/include -ID:/Android/Android_SDK/ndk-bundle/sources/cxx-stl/gnu-libstdc++/4.9/libs/armeabi-v7a/include'
ac_cv_env_CPPFLAGS_set=set
ac_cv_env_CPPFLAGS_value=' ERROR: Cannot find '\''make'\'' program. Please install Cygwin make package or define the GNUMAKE variable to point to it.  -fexceptions -frtti'
ac_cv_env_CPP_set=
ac_cv_env_CPP_value=
ac_cv_env_CXXFLAGS_set=set
ac_cv_env_CXXFLAGS_value=' -fexceptions -frtti'
ac_cv_env_CXX_set=set
ac_cv_env_CXX_value=
ac_cv_env_LDFLAGS_set=set
ac_cv_env_LDFLAGS_value=' --sysroot= -LD:/Android/Android_SDK/ndk-bundle/sources/cxx-stl/gnu-libstdc++/4.9/libs/armeabi-v7a/'
ac_cv_env_LIBS_set=set
ac_cv_env_LIBS_value='-lgnustl_static  -lc -lgcc -ldl'
ac_cv_env_build_alias_set=
ac_cv_env_build_alias_value=
ac_cv_env_host_alias_set=set
ac_cv_env_host_alias_value=arm-linux-androideabi
ac_cv_env_target_alias_set=
ac_cv_env_target_alias_value=
ac_cv_host=arm-unknown-linux-androideabi
ac_cv_prog_CC=D:/Android/Android_SDK/ndk-bundle/toolchains/arm-linux-androideabi-4.9/prebuilt/windows-x86_64/bin/arm-linux-androideabi-gcc.exe
ac_cv_target=arm-unknown-linux-androideabi

## ----------------- ##
## Output variables. ##
## ----------------- ##

AR=''
AR_FLAGS=''
CC='D:/Android/Android_SDK/ndk-bundle/toolchains/arm-linux-androideabi-4.9/prebuilt/windows-x86_64/bin/arm-linux-androideabi-gcc.exe'
CC_CFLAGS=''
CC_DEF=''
CC_INC=''
CC_OPTIMIZE=''
CC_OUT=''
CFLAGS=' ERROR: Cannot find '\''make'\'' program. Please install Cygwin make package or define the GNUMAKE variable to point to it.  -ID:/Android/Android_SDK/ndk-bundle/sources/cxx-stl/gnu-libstdc++/4.9/include -ID:/Android/Android_SDK/ndk-bundle/sources/cxx-stl/gnu-libstdc++/4.9/libs/armeabi-v7a/include'
CPP=''
CPPFLAGS=' ERROR: Cannot find '\''make'\'' program. Please install Cygwin make package or define the GNUMAKE variable to point to it.  -fexceptions -frtti'
CXX=''
CXXFLAGS=' -fexceptions -frtti'
DEFS=''
ECHO_C=''
ECHO_N='-n'
ECHO_T=''
EGREP=''
EXEEXT=''
GREP=''
LD=''
LDFLAGS=' --sysroot= -LD:/Android/Android_SDK/ndk-bundle/sources/cxx-stl/gnu-libstdc++/4.9/libs/armeabi-v7a/'
LDOUT=''
LIBEXT2=''
LIBEXT=''
LIBOBJS=''
LIBS='-lgnustl_static  -lc -lgcc -ldl'
LTLIBOBJS=''
OBJEXT=''
PACKAGE_BUGREPORT=''
PACKAGE_NAME='pjproject'
PACKAGE_STRING='pjproject 2.x'
PACKAGE_TARNAME='pjproject'
PACKAGE_URL=''
PACKAGE_VERSION='2.x'
PATH_SEPARATOR=':'
PKG_CONFIG=''
RANLIB=''
SAVED_PKG_CONFIG_PATH=''
SDL_CONFIG=''
SHELL='/bin/sh'
ac_android_cflags=''
ac_build_mak_vars=''
ac_cross_compile=''
ac_ct_AR=''
ac_ct_CC=''
ac_ct_CXX=''
ac_darwin_cflags=''
ac_external_gsm=''
ac_external_pa=''
ac_external_speex=''
ac_external_srtp=''
ac_external_srtp_lib=''
ac_external_webrtc=''
ac_external_yuv=''
ac_ffmpeg_cflags=''
ac_ffmpeg_ldflags=''
ac_has_ffmpeg=''
ac_host=''
ac_linux_poll=''
ac_main_obj=''
ac_no_bcg729=''
ac_no_g711_codec=''
ac_no_g7221_codec=''
ac_no_g722_codec=''
ac_no_gsm_codec=''
ac_no_ilbc_codec=''
ac_no_l16_codec=''
ac_no_large_filter=''
ac_no_opencore_amrnb=''
ac_no_opencore_amrwb=''
ac_no_opus=''
ac_no_silk=''
ac_no_small_filter=''
ac_no_speex_aec=''
ac_no_speex_codec=''
ac_no_ssl=''
ac_no_webrtc=''
ac_no_yuv=''
ac_openh264_cflags=''
ac_openh264_ldflags=''
ac_os_objs=''
ac_pa_cflags=''
ac_pjdir=''
ac_pjmedia_audiodev_objs=''
ac_pjmedia_resample=''
ac_pjmedia_snd=''
ac_pjmedia_video=''
ac_pjmedia_video_has_android=''
ac_pjmedia_video_has_darwin=''
ac_pjmedia_video_has_ios_opengl=''
ac_pjmedia_video_has_qt=''
ac_pjmedia_video_has_vtoolbox=''
ac_qt_cflags=''
ac_resample_dll=''
ac_sdl_cflags=''
ac_sdl_ldflags=''
ac_shared_libraries=''
ac_shlib_suffix=''
ac_srtp_deinit_present=''
ac_srtp_shutdown_present=''
ac_ssl_backend=''
ac_ssl_has_aes_gcm=''
ac_target_arch=''
ac_v4l2_cflags=''
ac_v4l2_ldflags=''
ac_webrtc_cflags=''
ac_webrtc_instset=''
ac_webrtc_ldflags=''
bindir='${exec_prefix}/bin'
build='x86_64-pc-mingw32'
build_alias=''
build_cpu='x86_64'
build_os='mingw32'
build_vendor='pc'
datadir='${datarootdir}'
datarootdir='${prefix}/share'
docdir='${datarootdir}/doc/${PACKAGE_TARNAME}'
dvidir='${docdir}'
exec_prefix='NONE'
gnutls_h_present=''
host='arm-unknown-linux-androideabi'
host_alias='arm-linux-androideabi'
host_cpu='arm'
host_os='linux-androideabi'
host_vendor='unknown'
htmldir='${docdir}'
includedir='${prefix}/include'
infodir='${datarootdir}/info'
libcrypto_present=''
libdir='${exec_prefix}/lib'
libexecdir='${exec_prefix}/libexec'
libgnutls_present=''
libssl_present=''
localedir='${datarootdir}/locale'
localstatedir='${prefix}/var'
mandir='${datarootdir}/man'
oldincludedir='/usr/include'
opencore_amrnb_h_present=''
opencore_amrnb_present=''
opencore_amrwb_dec_h_present=''
opencore_amrwb_dec_present=''
opencore_amrwb_enc_h_present=''
opencore_amrwb_enc_present=''
openssl_h_present=''
opus_h_present=''
opus_present=''
pdfdir='${docdir}'
prefix='NONE'
program_transform_name='s,x,x,'
psdir='${docdir}'
sbindir='${exec_prefix}/sbin'
sharedstatedir='${prefix}/com'
silk_h_present=''
silk_present=''
sysconfdir='${prefix}/etc'
target='arm-unknown-linux-androideabi'
target_alias=''
target_cpu='arm'
target_os='linux-androideabi'
target_vendor='unknown'

## ----------- ##
## confdefs.h. ##
## ----------- ##

/* confdefs.h */
#define PACKAGE_NAME "pjproject"
#define PACKAGE_TARNAME "pjproject"
#define PACKAGE_VERSION "2.x"
#define PACKAGE_STRING "pjproject 2.x"
#define PACKAGE_BUGREPORT ""
#define PACKAGE_URL ""

aconfigure: exit 77
